Determining if the pthread_create exist failed with the following output:
Change Dir: /home/samuel/Documentos/Repositories/GPRo/3Servos_e_1Segredo/CPPremoteAPI_3Servos/build/CMakeFiles/CMakeTmp

Run Build Command:"/usr/bin/make" "cmTC_d79a1/fast"
/usr/bin/make -f CMakeFiles/cmTC_d79a1.dir/build.make CMakeFiles/cmTC_d79a1.dir/build
make[1]: Entering directory '/home/samuel/Documentos/Repositories/GPRo/3Servos_e_1Segredo/CPPremoteAPI_3Servos/build/CMakeFiles/CMakeTmp'
Building C object CMakeFiles/cmTC_d79a1.dir/CheckSymbolExists.c.o
/usr/bin/cc     -o CMakeFiles/cmTC_d79a1.dir/CheckSymbolExists.c.o   -c /home/samuel/Documentos/Repositories/GPRo/3Servos_e_1Segredo/CPPremoteAPI_3Servos/build/CMakeFiles/CMakeTmp/CheckSymbolExists.c
Linking C executable cmTC_d79a1
/usr/bin/cmake -E cmake_link_script CMakeFiles/cmTC_d79a1.dir/link.txt --verbose=1
/usr/bin/cc       CMakeFiles/cmTC_d79a1.dir/CheckSymbolExists.c.o  -o cmTC_d79a1 -rdynamic 
CMakeFiles/cmTC_d79a1.dir/CheckSymbolExists.c.o: In function `main':
CheckSymbolExists.c:(.text+0x16): undefined reference to `pthread_create'
collect2: error: ld returned 1 exit status
make[1]: *** [CMakeFiles/cmTC_d79a1.dir/build.make:98: cmTC_d79a1] Error 1
make[1]: Leaving directory '/home/samuel/Documentos/Repositories/GPRo/3Servos_e_1Segredo/CPPremoteAPI_3Servos/build/CMakeFiles/CMakeTmp'
make: *** [Makefile:126: cmTC_d79a1/fast] Error 2

File /home/samuel/Documentos/Repositories/GPRo/3Servos_e_1Segredo/CPPremoteAPI_3Servos/build/CMakeFiles/CMakeTmp/CheckSymbolExists.c:
/* */
#include <pthread.h>

int main(int argc, char** argv)
{
  (void)argv;
#ifndef pthread_create
  return ((int*)(&pthread_create))[argc];
#else
  (void)argc;
  return 0;
#endif
}

Determining if the function pthread_create exists in the pthreads failed with the following output:
Change Dir: /home/samuel/Documentos/Repositories/GPRo/3Servos_e_1Segredo/CPPremoteAPI_3Servos/build/CMakeFiles/CMakeTmp

Run Build Command:"/usr/bin/make" "cmTC_719c7/fast"
/usr/bin/make -f CMakeFiles/cmTC_719c7.dir/build.make CMakeFiles/cmTC_719c7.dir/build
make[1]: Entering directory '/home/samuel/Documentos/Repositories/GPRo/3Servos_e_1Segredo/CPPremoteAPI_3Servos/build/CMakeFiles/CMakeTmp'
Building C object CMakeFiles/cmTC_719c7.dir/CheckFunctionExists.c.o
/usr/bin/cc    -DCHECK_FUNCTION_EXISTS=pthread_create   -o CMakeFiles/cmTC_719c7.dir/CheckFunctionExists.c.o   -c /usr/share/cmake-3.7/Modules/CheckFunctionExists.c
Linking C executable cmTC_719c7
/usr/bin/cmake -E cmake_link_script CMakeFiles/cmTC_719c7.dir/link.txt --verbose=1
/usr/bin/cc   -DCHECK_FUNCTION_EXISTS=pthread_create    CMakeFiles/cmTC_719c7.dir/CheckFunctionExists.c.o  -o cmTC_719c7 -rdynamic -lpthreads 
/usr/bin/ld: cannot find -lpthreads
collect2: error: ld returned 1 exit status
make[1]: *** [CMakeFiles/cmTC_719c7.dir/build.make:98: cmTC_719c7] Error 1
make[1]: Leaving directory '/home/samuel/Documentos/Repositories/GPRo/3Servos_e_1Segredo/CPPremoteAPI_3Servos/build/CMakeFiles/CMakeTmp'
make: *** [Makefile:126: cmTC_719c7/fast] Error 2


