Determining if the pthread_create exist failed with the following output:
Change Dir: /home/samuel/Documentos/Repositories/GPRo/Arena IEEE open/CPPremoteAPI/build/CMakeFiles/CMakeTmp

Run Build Command:"/usr/bin/make" "cmTC_21bc8/fast"
/usr/bin/make -f CMakeFiles/cmTC_21bc8.dir/build.make CMakeFiles/cmTC_21bc8.dir/build
make[1]: Entering directory '/home/samuel/Documentos/Repositories/GPRo/Arena IEEE open/CPPremoteAPI/build/CMakeFiles/CMakeTmp'
Building C object CMakeFiles/cmTC_21bc8.dir/CheckSymbolExists.c.o
/usr/bin/gcc     -o CMakeFiles/cmTC_21bc8.dir/CheckSymbolExists.c.o   -c "/home/samuel/Documentos/Repositories/GPRo/Arena IEEE open/CPPremoteAPI/build/CMakeFiles/CMakeTmp/CheckSymbolExists.c"
Linking C executable cmTC_21bc8
/usr/bin/cmake -E cmake_link_script CMakeFiles/cmTC_21bc8.dir/link.txt --verbose=1
/usr/bin/gcc       CMakeFiles/cmTC_21bc8.dir/CheckSymbolExists.c.o  -o cmTC_21bc8 -rdynamic 
CMakeFiles/cmTC_21bc8.dir/CheckSymbolExists.c.o: In function `main':
CheckSymbolExists.c:(.text+0x16): undefined reference to `pthread_create'
collect2: error: ld returned 1 exit status
make[1]: *** [CMakeFiles/cmTC_21bc8.dir/build.make:98: cmTC_21bc8] Error 1
make[1]: Leaving directory '/home/samuel/Documentos/Repositories/GPRo/Arena IEEE open/CPPremoteAPI/build/CMakeFiles/CMakeTmp'
make: *** [Makefile:126: cmTC_21bc8/fast] Error 2

File /home/samuel/Documentos/Repositories/GPRo/Arena IEEE open/CPPremoteAPI/build/CMakeFiles/CMakeTmp/CheckSymbolExists.c:
/* */
#include <pthread.h>

int main(int argc, char** argv)
{
  (void)argv;
#ifndef pthread_create
  return ((int*)(&pthread_create))[argc];
#else
  (void)argc;
  return 0;
#endif
}

Determining if the function pthread_create exists in the pthreads failed with the following output:
Change Dir: /home/samuel/Documentos/Repositories/GPRo/Arena IEEE open/CPPremoteAPI/build/CMakeFiles/CMakeTmp

Run Build Command:"/usr/bin/make" "cmTC_21bb2/fast"
/usr/bin/make -f CMakeFiles/cmTC_21bb2.dir/build.make CMakeFiles/cmTC_21bb2.dir/build
make[1]: Entering directory '/home/samuel/Documentos/Repositories/GPRo/Arena IEEE open/CPPremoteAPI/build/CMakeFiles/CMakeTmp'
Building C object CMakeFiles/cmTC_21bb2.dir/CheckFunctionExists.c.o
/usr/bin/gcc    -DCHECK_FUNCTION_EXISTS=pthread_create   -o CMakeFiles/cmTC_21bb2.dir/CheckFunctionExists.c.o   -c /usr/share/cmake-3.7/Modules/CheckFunctionExists.c
Linking C executable cmTC_21bb2
/usr/bin/cmake -E cmake_link_script CMakeFiles/cmTC_21bb2.dir/link.txt --verbose=1
/usr/bin/gcc   -DCHECK_FUNCTION_EXISTS=pthread_create    CMakeFiles/cmTC_21bb2.dir/CheckFunctionExists.c.o  -o cmTC_21bb2 -rdynamic -lpthreads 
/usr/bin/ld: cannot find -lpthreads
collect2: error: ld returned 1 exit status
make[1]: *** [CMakeFiles/cmTC_21bb2.dir/build.make:98: cmTC_21bb2] Error 1
make[1]: Leaving directory '/home/samuel/Documentos/Repositories/GPRo/Arena IEEE open/CPPremoteAPI/build/CMakeFiles/CMakeTmp'
make: *** [Makefile:126: cmTC_21bb2/fast] Error 2


