Determining if the pthread_create exist failed with the following output:
Change Dir: /home/samuel/Documentos/RedesNeurais/BackpropagationInVrep/MLP_RemoteAPI/build/CMakeFiles/CMakeTmp

Run Build Command:"/usr/bin/make" "cmTC_f3651/fast"
/usr/bin/make -f CMakeFiles/cmTC_f3651.dir/build.make CMakeFiles/cmTC_f3651.dir/build
make[1]: Entering directory '/home/samuel/Documentos/RedesNeurais/BackpropagationInVrep/MLP_RemoteAPI/build/CMakeFiles/CMakeTmp'
Building C object CMakeFiles/cmTC_f3651.dir/CheckSymbolExists.c.o
/usr/bin/gcc    -o CMakeFiles/cmTC_f3651.dir/CheckSymbolExists.c.o   -c /home/samuel/Documentos/RedesNeurais/BackpropagationInVrep/MLP_RemoteAPI/build/CMakeFiles/CMakeTmp/CheckSymbolExists.c
Linking C executable cmTC_f3651
/usr/bin/cmake -E cmake_link_script CMakeFiles/cmTC_f3651.dir/link.txt --verbose=1
/usr/bin/gcc      -rdynamic CMakeFiles/cmTC_f3651.dir/CheckSymbolExists.c.o  -o cmTC_f3651 
CMakeFiles/cmTC_f3651.dir/CheckSymbolExists.c.o: In function `main':
CheckSymbolExists.c:(.text+0x1b): undefined reference to `pthread_create'
collect2: error: ld returned 1 exit status
make[1]: *** [CMakeFiles/cmTC_f3651.dir/build.make:98: cmTC_f3651] Error 1
make[1]: Leaving directory '/home/samuel/Documentos/RedesNeurais/BackpropagationInVrep/MLP_RemoteAPI/build/CMakeFiles/CMakeTmp'
make: *** [Makefile:126: cmTC_f3651/fast] Error 2

File /home/samuel/Documentos/RedesNeurais/BackpropagationInVrep/MLP_RemoteAPI/build/CMakeFiles/CMakeTmp/CheckSymbolExists.c:
/* */
#include <pthread.h>

int main(int argc, char** argv)
{
  (void)argv;
#ifndef pthread_create
  return ((int*)(&pthread_create))[argc];
#else
  (void)argc;
  return 0;
#endif
}

Determining if the function pthread_create exists in the pthreads failed with the following output:
Change Dir: /home/samuel/Documentos/RedesNeurais/BackpropagationInVrep/MLP_RemoteAPI/build/CMakeFiles/CMakeTmp

Run Build Command:"/usr/bin/make" "cmTC_2b623/fast"
/usr/bin/make -f CMakeFiles/cmTC_2b623.dir/build.make CMakeFiles/cmTC_2b623.dir/build
make[1]: Entering directory '/home/samuel/Documentos/RedesNeurais/BackpropagationInVrep/MLP_RemoteAPI/build/CMakeFiles/CMakeTmp'
Building C object CMakeFiles/cmTC_2b623.dir/CheckFunctionExists.c.o
/usr/bin/gcc   -DCHECK_FUNCTION_EXISTS=pthread_create   -o CMakeFiles/cmTC_2b623.dir/CheckFunctionExists.c.o   -c /usr/share/cmake-3.9/Modules/CheckFunctionExists.c
Linking C executable cmTC_2b623
/usr/bin/cmake -E cmake_link_script CMakeFiles/cmTC_2b623.dir/link.txt --verbose=1
/usr/bin/gcc  -DCHECK_FUNCTION_EXISTS=pthread_create    -rdynamic CMakeFiles/cmTC_2b623.dir/CheckFunctionExists.c.o  -o cmTC_2b623 -lpthreads 
/usr/bin/ld: cannot find -lpthreads
collect2: error: ld returned 1 exit status
make[1]: *** [CMakeFiles/cmTC_2b623.dir/build.make:98: cmTC_2b623] Error 1
make[1]: Leaving directory '/home/samuel/Documentos/RedesNeurais/BackpropagationInVrep/MLP_RemoteAPI/build/CMakeFiles/CMakeTmp'
make: *** [Makefile:126: cmTC_2b623/fast] Error 2


