Determining if the pthread_create exist failed with the following output:
Change Dir: /home/samuel/Documentos/Repositories/GPRo/BackpropagationInVrep/CPPremoteAPI/build/CMakeFiles/CMakeTmp

Run Build Command:"/usr/bin/make" "cmTC_9f9e7/fast"
/usr/bin/make -f CMakeFiles/cmTC_9f9e7.dir/build.make CMakeFiles/cmTC_9f9e7.dir/build
make[1]: Entering directory '/home/samuel/Documentos/Repositories/GPRo/BackpropagationInVrep/CPPremoteAPI/build/CMakeFiles/CMakeTmp'
Building C object CMakeFiles/cmTC_9f9e7.dir/CheckSymbolExists.c.o
/usr/bin/cc    -o CMakeFiles/cmTC_9f9e7.dir/CheckSymbolExists.c.o   -c /home/samuel/Documentos/Repositories/GPRo/BackpropagationInVrep/CPPremoteAPI/build/CMakeFiles/CMakeTmp/CheckSymbolExists.c
Linking C executable cmTC_9f9e7
/usr/bin/cmake -E cmake_link_script CMakeFiles/cmTC_9f9e7.dir/link.txt --verbose=1
/usr/bin/cc      -rdynamic CMakeFiles/cmTC_9f9e7.dir/CheckSymbolExists.c.o  -o cmTC_9f9e7 
CMakeFiles/cmTC_9f9e7.dir/CheckSymbolExists.c.o: In function `main':
CheckSymbolExists.c:(.text+0x1b): undefined reference to `pthread_create'
collect2: error: ld returned 1 exit status
make[1]: *** [CMakeFiles/cmTC_9f9e7.dir/build.make:98: cmTC_9f9e7] Error 1
make[1]: Leaving directory '/home/samuel/Documentos/Repositories/GPRo/BackpropagationInVrep/CPPremoteAPI/build/CMakeFiles/CMakeTmp'
make: *** [Makefile:126: cmTC_9f9e7/fast] Error 2

File /home/samuel/Documentos/Repositories/GPRo/BackpropagationInVrep/CPPremoteAPI/build/CMakeFiles/CMakeTmp/CheckSymbolExists.c:
/* */
#include <pthread.h>

int main(int argc, char** argv)
{
  (void)argv;
#ifndef pthread_create
  return ((int*)(&pthread_create))[argc];
#else
  (void)argc;
  return 0;
#endif
}

Determining if the function pthread_create exists in the pthreads failed with the following output:
Change Dir: /home/samuel/Documentos/Repositories/GPRo/BackpropagationInVrep/CPPremoteAPI/build/CMakeFiles/CMakeTmp

Run Build Command:"/usr/bin/make" "cmTC_7ae61/fast"
/usr/bin/make -f CMakeFiles/cmTC_7ae61.dir/build.make CMakeFiles/cmTC_7ae61.dir/build
make[1]: Entering directory '/home/samuel/Documentos/Repositories/GPRo/BackpropagationInVrep/CPPremoteAPI/build/CMakeFiles/CMakeTmp'
Building C object CMakeFiles/cmTC_7ae61.dir/CheckFunctionExists.c.o
/usr/bin/cc   -DCHECK_FUNCTION_EXISTS=pthread_create   -o CMakeFiles/cmTC_7ae61.dir/CheckFunctionExists.c.o   -c /usr/share/cmake-3.9/Modules/CheckFunctionExists.c
Linking C executable cmTC_7ae61
/usr/bin/cmake -E cmake_link_script CMakeFiles/cmTC_7ae61.dir/link.txt --verbose=1
/usr/bin/cc  -DCHECK_FUNCTION_EXISTS=pthread_create    -rdynamic CMakeFiles/cmTC_7ae61.dir/CheckFunctionExists.c.o  -o cmTC_7ae61 -lpthreads 
/usr/bin/ld: cannot find -lpthreads
collect2: error: ld returned 1 exit status
make[1]: *** [CMakeFiles/cmTC_7ae61.dir/build.make:98: cmTC_7ae61] Error 1
make[1]: Leaving directory '/home/samuel/Documentos/Repositories/GPRo/BackpropagationInVrep/CPPremoteAPI/build/CMakeFiles/CMakeTmp'
make: *** [Makefile:126: cmTC_7ae61/fast] Error 2


