Determining if the pthread_create exist failed with the following output:
Change Dir: /home/samuel/Documentos/Simulador/cena inicial/CPPremoteAPI/build/CMakeFiles/CMakeTmp

Run Build Command:"/usr/bin/make" "cmTC_453b8/fast"
/usr/bin/make -f CMakeFiles/cmTC_453b8.dir/build.make CMakeFiles/cmTC_453b8.dir/build
make[1]: Entering directory '/home/samuel/Documentos/Simulador/cena inicial/CPPremoteAPI/build/CMakeFiles/CMakeTmp'
Building C object CMakeFiles/cmTC_453b8.dir/CheckSymbolExists.c.o
/usr/bin/cc     -o CMakeFiles/cmTC_453b8.dir/CheckSymbolExists.c.o   -c "/home/samuel/Documentos/Simulador/cena inicial/CPPremoteAPI/build/CMakeFiles/CMakeTmp/CheckSymbolExists.c"
Linking C executable cmTC_453b8
/usr/bin/cmake -E cmake_link_script CMakeFiles/cmTC_453b8.dir/link.txt --verbose=1
/usr/bin/cc       CMakeFiles/cmTC_453b8.dir/CheckSymbolExists.c.o  -o cmTC_453b8 -rdynamic 
CMakeFiles/cmTC_453b8.dir/CheckSymbolExists.c.o: In function `main':
CheckSymbolExists.c:(.text+0x16): undefined reference to `pthread_create'
collect2: error: ld returned 1 exit status
make[1]: *** [CMakeFiles/cmTC_453b8.dir/build.make:98: cmTC_453b8] Error 1
make[1]: Leaving directory '/home/samuel/Documentos/Simulador/cena inicial/CPPremoteAPI/build/CMakeFiles/CMakeTmp'
make: *** [Makefile:126: cmTC_453b8/fast] Error 2

File /home/samuel/Documentos/Simulador/cena inicial/CPPremoteAPI/build/CMakeFiles/CMakeTmp/CheckSymbolExists.c:
/* */
#include <pthread.h>

int main(int argc, char** argv)
{
  (void)argv;
#ifndef pthread_create
  return ((int*)(&pthread_create))[argc];
#else
  (void)argc;
  return 0;
#endif
}

Determining if the function pthread_create exists in the pthreads failed with the following output:
Change Dir: /home/samuel/Documentos/Simulador/cena inicial/CPPremoteAPI/build/CMakeFiles/CMakeTmp

Run Build Command:"/usr/bin/make" "cmTC_c7265/fast"
/usr/bin/make -f CMakeFiles/cmTC_c7265.dir/build.make CMakeFiles/cmTC_c7265.dir/build
make[1]: Entering directory '/home/samuel/Documentos/Simulador/cena inicial/CPPremoteAPI/build/CMakeFiles/CMakeTmp'
Building C object CMakeFiles/cmTC_c7265.dir/CheckFunctionExists.c.o
/usr/bin/cc    -DCHECK_FUNCTION_EXISTS=pthread_create   -o CMakeFiles/cmTC_c7265.dir/CheckFunctionExists.c.o   -c /usr/share/cmake-3.7/Modules/CheckFunctionExists.c
Linking C executable cmTC_c7265
/usr/bin/cmake -E cmake_link_script CMakeFiles/cmTC_c7265.dir/link.txt --verbose=1
/usr/bin/cc   -DCHECK_FUNCTION_EXISTS=pthread_create    CMakeFiles/cmTC_c7265.dir/CheckFunctionExists.c.o  -o cmTC_c7265 -rdynamic -lpthreads 
/usr/bin/ld: cannot find -lpthreads
collect2: error: ld returned 1 exit status
make[1]: *** [CMakeFiles/cmTC_c7265.dir/build.make:98: cmTC_c7265] Error 1
make[1]: Leaving directory '/home/samuel/Documentos/Simulador/cena inicial/CPPremoteAPI/build/CMakeFiles/CMakeTmp'
make: *** [Makefile:126: cmTC_c7265/fast] Error 2


Determining if the pthread_create exist failed with the following output:
Change Dir: /home/samuel/Documentos/Simulador/GPRo/Samara/CPPremoteAPI/build/CMakeFiles/CMakeTmp

Run Build Command:"/usr/bin/make" "cmTC_4d457/fast"
/usr/bin/make -f CMakeFiles/cmTC_4d457.dir/build.make CMakeFiles/cmTC_4d457.dir/build
make[1]: Entering directory '/home/samuel/Documentos/Simulador/GPRo/Samara/CPPremoteAPI/build/CMakeFiles/CMakeTmp'
Building C object CMakeFiles/cmTC_4d457.dir/CheckSymbolExists.c.o
/usr/bin/cc     -o CMakeFiles/cmTC_4d457.dir/CheckSymbolExists.c.o   -c /home/samuel/Documentos/Simulador/GPRo/Samara/CPPremoteAPI/build/CMakeFiles/CMakeTmp/CheckSymbolExists.c
Linking C executable cmTC_4d457
/usr/bin/cmake -E cmake_link_script CMakeFiles/cmTC_4d457.dir/link.txt --verbose=1
/usr/bin/cc       CMakeFiles/cmTC_4d457.dir/CheckSymbolExists.c.o  -o cmTC_4d457 -rdynamic 
CMakeFiles/cmTC_4d457.dir/CheckSymbolExists.c.o: In function `main':
CheckSymbolExists.c:(.text+0x16): undefined reference to `pthread_create'
collect2: error: ld returned 1 exit status
make[1]: *** [CMakeFiles/cmTC_4d457.dir/build.make:98: cmTC_4d457] Error 1
make[1]: Leaving directory '/home/samuel/Documentos/Simulador/GPRo/Samara/CPPremoteAPI/build/CMakeFiles/CMakeTmp'
make: *** [Makefile:126: cmTC_4d457/fast] Error 2

File /home/samuel/Documentos/Simulador/GPRo/Samara/CPPremoteAPI/build/CMakeFiles/CMakeTmp/CheckSymbolExists.c:
/* */
#include <pthread.h>

int main(int argc, char** argv)
{
  (void)argv;
#ifndef pthread_create
  return ((int*)(&pthread_create))[argc];
#else
  (void)argc;
  return 0;
#endif
}

Determining if the function pthread_create exists in the pthreads failed with the following output:
Change Dir: /home/samuel/Documentos/Simulador/GPRo/Samara/CPPremoteAPI/build/CMakeFiles/CMakeTmp

Run Build Command:"/usr/bin/make" "cmTC_85be5/fast"
/usr/bin/make -f CMakeFiles/cmTC_85be5.dir/build.make CMakeFiles/cmTC_85be5.dir/build
make[1]: Entering directory '/home/samuel/Documentos/Simulador/GPRo/Samara/CPPremoteAPI/build/CMakeFiles/CMakeTmp'
Building C object CMakeFiles/cmTC_85be5.dir/CheckFunctionExists.c.o
/usr/bin/cc    -DCHECK_FUNCTION_EXISTS=pthread_create   -o CMakeFiles/cmTC_85be5.dir/CheckFunctionExists.c.o   -c /usr/share/cmake-3.7/Modules/CheckFunctionExists.c
Linking C executable cmTC_85be5
/usr/bin/cmake -E cmake_link_script CMakeFiles/cmTC_85be5.dir/link.txt --verbose=1
/usr/bin/cc   -DCHECK_FUNCTION_EXISTS=pthread_create    CMakeFiles/cmTC_85be5.dir/CheckFunctionExists.c.o  -o cmTC_85be5 -rdynamic -lpthreads 
/usr/bin/ld: cannot find -lpthreads
collect2: error: ld returned 1 exit status
make[1]: *** [CMakeFiles/cmTC_85be5.dir/build.make:98: cmTC_85be5] Error 1
make[1]: Leaving directory '/home/samuel/Documentos/Simulador/GPRo/Samara/CPPremoteAPI/build/CMakeFiles/CMakeTmp'
make: *** [Makefile:126: cmTC_85be5/fast] Error 2


