Determining if the pthread_create exist failed with the following output:
Change Dir: /home/samuel/Documentos/Simulador/aula2/CPPremoteAPI/build/CMakeFiles/CMakeTmp

Run Build Command:"/usr/bin/make" "cmTC_fabe0/fast"
/usr/bin/make -f CMakeFiles/cmTC_fabe0.dir/build.make CMakeFiles/cmTC_fabe0.dir/build
make[1]: Entering directory '/home/samuel/Documentos/Simulador/aula2/CPPremoteAPI/build/CMakeFiles/CMakeTmp'
Building C object CMakeFiles/cmTC_fabe0.dir/CheckSymbolExists.c.o
/usr/bin/cc     -o CMakeFiles/cmTC_fabe0.dir/CheckSymbolExists.c.o   -c /home/samuel/Documentos/Simulador/aula2/CPPremoteAPI/build/CMakeFiles/CMakeTmp/CheckSymbolExists.c
Linking C executable cmTC_fabe0
/usr/bin/cmake -E cmake_link_script CMakeFiles/cmTC_fabe0.dir/link.txt --verbose=1
/usr/bin/cc       CMakeFiles/cmTC_fabe0.dir/CheckSymbolExists.c.o  -o cmTC_fabe0 -rdynamic 
CMakeFiles/cmTC_fabe0.dir/CheckSymbolExists.c.o: In function `main':
CheckSymbolExists.c:(.text+0x16): undefined reference to `pthread_create'
collect2: error: ld returned 1 exit status
make[1]: *** [CMakeFiles/cmTC_fabe0.dir/build.make:98: cmTC_fabe0] Error 1
make[1]: Leaving directory '/home/samuel/Documentos/Simulador/aula2/CPPremoteAPI/build/CMakeFiles/CMakeTmp'
make: *** [Makefile:126: cmTC_fabe0/fast] Error 2

File /home/samuel/Documentos/Simulador/aula2/CPPremoteAPI/build/CMakeFiles/CMakeTmp/CheckSymbolExists.c:
/* */
#include <pthread.h>

int main(int argc, char** argv)
{
  (void)argv;
#ifndef pthread_create
  return ((int*)(&pthread_create))[argc];
#else
  (void)argc;
  return 0;
#endif
}

Determining if the function pthread_create exists in the pthreads failed with the following output:
Change Dir: /home/samuel/Documentos/Simulador/aula2/CPPremoteAPI/build/CMakeFiles/CMakeTmp

Run Build Command:"/usr/bin/make" "cmTC_f4eb5/fast"
/usr/bin/make -f CMakeFiles/cmTC_f4eb5.dir/build.make CMakeFiles/cmTC_f4eb5.dir/build
make[1]: Entering directory '/home/samuel/Documentos/Simulador/aula2/CPPremoteAPI/build/CMakeFiles/CMakeTmp'
Building C object CMakeFiles/cmTC_f4eb5.dir/CheckFunctionExists.c.o
/usr/bin/cc    -DCHECK_FUNCTION_EXISTS=pthread_create   -o CMakeFiles/cmTC_f4eb5.dir/CheckFunctionExists.c.o   -c /usr/share/cmake-3.7/Modules/CheckFunctionExists.c
Linking C executable cmTC_f4eb5
/usr/bin/cmake -E cmake_link_script CMakeFiles/cmTC_f4eb5.dir/link.txt --verbose=1
/usr/bin/cc   -DCHECK_FUNCTION_EXISTS=pthread_create    CMakeFiles/cmTC_f4eb5.dir/CheckFunctionExists.c.o  -o cmTC_f4eb5 -rdynamic -lpthreads 
/usr/bin/ld: cannot find -lpthreads
collect2: error: ld returned 1 exit status
make[1]: *** [CMakeFiles/cmTC_f4eb5.dir/build.make:98: cmTC_f4eb5] Error 1
make[1]: Leaving directory '/home/samuel/Documentos/Simulador/aula2/CPPremoteAPI/build/CMakeFiles/CMakeTmp'
make: *** [Makefile:126: cmTC_f4eb5/fast] Error 2


